2016-02-03 21:18:55-0500 [-] Log opened.
2016-02-03 21:18:55-0500 [-] twistd 15.5.0 (/usr/bin/python 2.7.10) starting up.
2016-02-03 21:18:55-0500 [-] reactor class: twisted.internet.epollreactor.EPollReactor.
2016-02-03 21:18:55-0500 [-] Traceback (most recent call last):
2016-02-03 21:18:55-0500 [-]   File "/usr/local/bin/twistd", line 18, in <module>
2016-02-03 21:18:55-0500 [-]     run()
2016-02-03 21:18:55-0500 [-]   File "/usr/local/lib/python2.7/dist-packages/twisted/scripts/twistd.py", line 29, in run
2016-02-03 21:18:55-0500 [-]     app.run(runApp, ServerOptions)
2016-02-03 21:18:55-0500 [-]   File "/usr/local/lib/python2.7/dist-packages/twisted/application/app.py", line 617, in run
2016-02-03 21:18:55-0500 [-]     runApp(config)
2016-02-03 21:18:55-0500 [-]   File "/usr/local/lib/python2.7/dist-packages/twisted/scripts/twistd.py", line 25, in runApp
2016-02-03 21:18:55-0500 [-]     _SomeApplicationRunner(config).run()
2016-02-03 21:18:55-0500 [-]   File "/usr/local/lib/python2.7/dist-packages/twisted/application/app.py", line 352, in run
2016-02-03 21:18:55-0500 [-]     self.postApplication()
2016-02-03 21:18:55-0500 [-]   File "/usr/local/lib/python2.7/dist-packages/twisted/scripts/_twistd_unix.py", line 207, in postApplication
2016-02-03 21:18:55-0500 [-]     self.startApplication(self.application)
2016-02-03 21:18:55-0500 [-]   File "/usr/local/lib/python2.7/dist-packages/twisted/scripts/_twistd_unix.py", line 394, in startApplication
2016-02-03 21:18:55-0500 [-]     service.IService(application).privilegedStartService()
2016-02-03 21:18:55-0500 [-]   File "/usr/local/lib/python2.7/dist-packages/twisted/application/service.py", line 278, in privilegedStartService
2016-02-03 21:18:55-0500 [-]     service.privilegedStartService()
2016-02-03 21:18:55-0500 [-]   File "/usr/local/lib/python2.7/dist-packages/twisted/application/service.py", line 278, in privilegedStartService
2016-02-03 21:18:55-0500 [-]     service.privilegedStartService()
2016-02-03 21:18:55-0500 [-]   File "/usr/local/lib/python2.7/dist-packages/twisted/application/internet.py", line 361, in privilegedStartService
2016-02-03 21:18:55-0500 [-]     raisedNow[0].raiseException()
2016-02-03 21:18:55-0500 [-]   File "<string>", line 2, in raiseException
2016-02-03 21:18:55-0500 [-] twisted.internet.error.CannotListenError: Couldn't listen on any:8080: [Errno 98] Address already in use.
2016-02-03 21:19:03-0500 [-] Log opened.
2016-02-03 21:19:03-0500 [-] twistd 15.5.0 (/usr/bin/python 2.7.10) starting up.
2016-02-03 21:19:03-0500 [-] reactor class: twisted.internet.epollreactor.EPollReactor.
2016-02-03 21:19:03-0500 [-] Site starting on 9080
2016-02-03 21:19:03-0500 [-] Starting factory <twisted.web.server.Site instance at 0x7f05d7d5f830>
2016-02-03 21:19:31-0500 [HTTPChannel,0,127.0.0.1] Site starting on 8090
2016-02-03 21:19:31-0500 [-] Starting factory <twisted.web.server.Site instance at 0x7f05d7d1eb00>
2016-02-03 21:19:31-0500 [-] "127.0.0.1" - - [04/Feb/2016:02:19:30 +0000] "GET / HTTP/1.0" 500 328 "-" "Lynx/2.8.9dev.6 libwww-FM/2.14 SSL-MM/1.4.1 GNUTLS/3.3.8"
2016-02-03 21:20:18-0500 [-] Received SIGTERM, shutting down.
2016-02-03 21:20:18-0500 [-] (TCP Port 9080 Closed)
2016-02-03 21:20:18-0500 [-] Stopping factory <twisted.web.server.Site instance at 0x7f05d7d5f830>
2016-02-03 21:20:18-0500 [twisted.web.server.Site] (TCP Port 8090 Closed)
2016-02-03 21:20:18-0500 [-] Stopping factory <twisted.web.server.Site instance at 0x7f05d7d1eb00>
2016-02-03 21:20:18-0500 [-] Main loop terminated.
2016-02-03 21:20:18-0500 [-] Server Shut Down.
2016-02-03 21:20:20-0500 [-] Log opened.
2016-02-03 21:20:20-0500 [-] twistd 15.5.0 (/usr/bin/python 2.7.10) starting up.
2016-02-03 21:20:20-0500 [-] reactor class: twisted.internet.epollreactor.EPollReactor.
2016-02-03 21:20:20-0500 [-] Site starting on 9080
2016-02-03 21:20:20-0500 [-] Starting factory <twisted.web.server.Site instance at 0x7f47acc6f830>
2016-02-03 21:20:24-0500 [HTTPChannel,0,127.0.0.1] Unhandled Error
	Traceback (most recent call last):
	  File "/usr/local/lib/python2.7/dist-packages/twisted/protocols/basic.py", line 571, in dataReceived
	    why = self.lineReceived(line)
	  File "/usr/local/lib/python2.7/dist-packages/twisted/web/http.py", line 1720, in lineReceived
	    self.allContentReceived()
	  File "/usr/local/lib/python2.7/dist-packages/twisted/web/http.py", line 1799, in allContentReceived
	    req.requestReceived(command, path, version)
	  File "/usr/local/lib/python2.7/dist-packages/twisted/web/http.py", line 832, in requestReceived
	    self.process()
	--- <exception caught here> ---
	  File "/usr/local/lib/python2.7/dist-packages/twisted/web/server.py", line 178, in process
	    resrc = self.site.getResourceFor(self)
	  File "/usr/local/lib/python2.7/dist-packages/twisted/web/server.py", line 732, in getResourceFor
	    return resource.getChildForRequest(self.resource, request)
	  File "/usr/local/lib/python2.7/dist-packages/twisted/web/resource.py", line 98, in getChildForRequest
	    resource = resource.getChildWithDefault(pathElement, request)
	  File "/usr/local/lib/python2.7/dist-packages/twisted/web/script.py", line 101, in getChildWithDefault
	    res = ResourceScript(self.path, self.registry)
	  File "/usr/local/lib/python2.7/dist-packages/twisted/web/script.py", line 64, in ResourceScript
	    execfile(path, glob, glob)
	  File "/usr/local/lib/python2.7/dist-packages/twisted/python/compat.py", line 196, in execfile
	    exec(code, globals, locals)
	  File "twistd", line 14, in <module>
	    site = Site(api, timeout = None)
	exceptions.NameError: name 'api' is not defined
	
2016-02-03 21:20:24-0500 [-] "127.0.0.1" - - [04/Feb/2016:02:20:23 +0000] "GET / HTTP/1.0" 500 6798 "-" "Lynx/2.8.9dev.6 libwww-FM/2.14 SSL-MM/1.4.1 GNUTLS/3.3.8"
2016-02-03 21:20:38-0500 [-] Received SIGTERM, shutting down.
2016-02-03 21:20:38-0500 [-] (TCP Port 9080 Closed)
2016-02-03 21:20:38-0500 [-] Stopping factory <twisted.web.server.Site instance at 0x7f47acc6f830>
2016-02-03 21:20:38-0500 [-] Main loop terminated.
2016-02-03 21:20:38-0500 [-] Server Shut Down.
2016-02-03 21:21:06-0500 [-] Log opened.
2016-02-03 21:21:06-0500 [-] twistd 15.5.0 (/usr/bin/python 2.7.10) starting up.
2016-02-03 21:21:06-0500 [-] reactor class: twisted.internet.epollreactor.EPollReactor.
2016-02-03 21:21:06-0500 [-] Site starting on 9080
2016-02-03 21:21:06-0500 [-] Starting factory <twisted.web.server.Site instance at 0x7fb7a4115830>
2016-02-03 21:21:08-0500 [HTTPChannel,0,127.0.0.1] Site starting on 8090
2016-02-03 21:21:08-0500 [-] Starting factory <twisted.web.server.Site instance at 0x7fb7a40d4b00>
2016-02-03 21:21:08-0500 [-] "127.0.0.1" - - [04/Feb/2016:02:21:08 +0000] "GET / HTTP/1.0" 200 13 "-" "Lynx/2.8.9dev.6 libwww-FM/2.14 SSL-MM/1.4.1 GNUTLS/3.3.8"
2016-02-03 21:21:26-0500 [-] Received SIGTERM, shutting down.
2016-02-03 21:21:26-0500 [-] (TCP Port 9080 Closed)
2016-02-03 21:21:26-0500 [-] Stopping factory <twisted.web.server.Site instance at 0x7fb7a4115830>
2016-02-03 21:21:26-0500 [twisted.web.server.Site] (TCP Port 8090 Closed)
2016-02-03 21:21:26-0500 [-] Stopping factory <twisted.web.server.Site instance at 0x7fb7a40d4b00>
2016-02-03 21:21:26-0500 [-] Main loop terminated.
2016-02-03 21:21:26-0500 [-] Server Shut Down.
